xylophone-flutter/build/app/intermediates/manifest_merge_blame_file/release/manifest-merger-blame-release-report.txt
1<?xml version="1.0" encoding="utf-8"?>
2<manifest xmlns:android="http://schemas.android.com/apk/res/android"
3    package="co.appbrewery.xylophone"
4    android:versionCode="1"
5    android:versionName="1.0.0" >
6
7    <uses-sdk
8        android:minSdkVersion="16"
8-->src\main\AndroidManifest.xml
9        android:targetSdkVersion="29" />
9-->src\main\AndroidManifest.xml
10
11    <!--
12         The INTERNET permission is required for development. Specifically,
13         flutter needs it to communicate with the running application
14         to allow setting breakpoints, to provide hot reload, etc.
15    -->
16    <uses-permission android:name="android.permission.INTERNET" />
16-->src\main\AndroidManifest.xml:8:5-66
16-->src\main\AndroidManifest.xml:8:22-64
17    <uses-permission android:name="android.permission.FOREGROUND_SERVICE" />
17-->[:assets_audio_player] AndroidManifest.xml:7:5-77
17-->[:assets_audio_player] AndroidManifest.xml:7:22-74
18    <uses-permission android:name="android.permission.VIBRATE" />
18-->[:assets_audio_player] AndroidManifest.xml:8:5-66
18-->[:assets_audio_player] AndroidManifest.xml:8:22-63
19    <uses-permission android:name="android.permission.WAKE_LOCK" />
19-->[:assets_audio_player] AndroidManifest.xml:9:5-68
19-->[:assets_audio_player] AndroidManifest.xml:9:22-65
20    <uses-permission android:name="android.permission.ACCESS_NETWORK_STATE" />
20-->[com.google.android.exoplayer:exoplayer-core:2.11.4] AndroidManifest.xml:24:5-79
20-->[com.google.android.exoplayer:exoplayer-core:2.11.4] AndroidManifest.xml:24:22-76
21    <!--
22 io.flutter.app.FlutterApplication is an android.app.Application that
23         calls FlutterMain.startInitialization(this); in its onCreate method.
24         In most cases you can leave this as-is, but you if you want to provide
25         additional functionality it is fine to subclass or reimplement
26         FlutterApplication and put your custom class here.
27    -->
28    <application
28-->src\main\AndroidManifest.xml:15:5-40:19
29        android:appComponentFactory="androidx.core.app.CoreComponentFactory"
29-->[androidx.core:core:1.1.0] AndroidManifest.xml:24:18-86
30        android:icon="@mipmap/ic_launcher"
30-->src\main\AndroidManifest.xml:17:9-43
31        android:label="xylophone" >
31-->src\main\AndroidManifest.xml:16:9-34
32        <meta-data
32-->src\main\AndroidManifest.xml:18:9-20:29
33            android:name="flutterEmbedding"
33-->src\main\AndroidManifest.xml:19:9-40
34            android:value="2" />
34-->src\main\AndroidManifest.xml:20:9-26
35
36        <activity
36-->src\main\AndroidManifest.xml:21:9-39:20
37            android:name="co.appbrewery.xylophone.MainActivity"
37-->src\main\AndroidManifest.xml:22:13-41
38            android:configChanges="orientation|keyboardHidden|keyboard|screenSize|locale|layoutDirection|fontScale|screenLayout|density"
38-->src\main\AndroidManifest.xml:25:13-137
39            android:hardwareAccelerated="true"
39-->src\main\AndroidManifest.xml:26:13-47
40            android:launchMode="singleTop"
40-->src\main\AndroidManifest.xml:23:13-43
41            android:theme="@style/LaunchTheme"
41-->src\main\AndroidManifest.xml:24:13-47
42            android:windowSoftInputMode="adjustResize" >
42-->src\main\AndroidManifest.xml:27:13-55
43
44            <!--
45                 This keeps the window background of the activity showing
46                 until Flutter renders its first frame. It can be removed if
47                 there is no splash screen (such as the default splash screen
48                 defined in @style/LaunchTheme).
49            -->
50            <meta-data
50-->src\main\AndroidManifest.xml:32:13-34:40
51                android:name="io.flutter.app.android.SplashScreenUntilFirstFrame"
51-->src\main\AndroidManifest.xml:33:17-82
52                android:value="true" />
52-->src\main\AndroidManifest.xml:34:17-37
53
54            <intent-filter>
54-->src\main\AndroidManifest.xml:35:13-38:29
55                <action android:name="android.intent.action.MAIN" />
55-->src\main\AndroidManifest.xml:36:17-68
55-->src\main\AndroidManifest.xml:36:25-66
56
57                <category android:name="android.intent.category.LAUNCHER" />
57-->src\main\AndroidManifest.xml:37:17-76
57-->src\main\AndroidManifest.xml:37:27-74
58            </intent-filter>
59        </activity>
60
61        <receiver android:name="com.github.florent37.assets_audio_player.notification.NotificationActionReceiver" />
61-->[:assets_audio_player] AndroidManifest.xml:12:9-117
61-->[:assets_audio_player] AndroidManifest.xml:12:19-114
62        <receiver android:name="androidx.media.session.MediaButtonReceiver" >
62-->[:assets_audio_player] AndroidManifest.xml:13:9-17:20
62-->[:assets_audio_player] AndroidManifest.xml:13:19-76
63            <intent-filter>
63-->[:assets_audio_player] AndroidManifest.xml:14:13-16:29
64                <action android:name="android.intent.action.MEDIA_BUTTON" />
64-->[:assets_audio_player] AndroidManifest.xml:15:17-77
64-->[:assets_audio_player] AndroidManifest.xml:15:25-74
65            </intent-filter>
66        </receiver>
67
68        <service
68-->[:assets_audio_player] AndroidManifest.xml:19:9-26:19
69            android:name="com.github.florent37.assets_audio_player.notification.NotificationService"
69-->[:assets_audio_player] AndroidManifest.xml:20:13-101
70            android:enabled="true"
70-->[:assets_audio_player] AndroidManifest.xml:21:13-35
71            android:exported="true" >
71-->[:assets_audio_player] AndroidManifest.xml:22:13-36
72            <intent-filter>
72-->[:assets_audio_player] AndroidManifest.xml:14:13-16:29
73                <action android:name="android.intent.action.MEDIA_BUTTON" />
73-->[:assets_audio_player] AndroidManifest.xml:15:17-77
73-->[:assets_audio_player] AndroidManifest.xml:15:25-74
74            </intent-filter>
75        </service>
76    </application>
77
78</manifest>